0 info it worked if it ends with ok
1 verbose cli [ 'C:\\Program Files\\nodejs\\node.exe',
1 verbose cli   'C:\\Program Files\\nodejs\\node_modules\\npm\\bin\\npm-cli.js',
1 verbose cli   'publish' ]
2 info using npm@2.14.7
3 info using node@v4.2.1
4 verbose publish [ '.' ]
5 silly cache add args [ '.', null ]
6 verbose cache add spec .
7 silly cache add parsed spec Result {
7 silly cache add   raw: '.',
7 silly cache add   scope: null,
7 silly cache add   name: null,
7 silly cache add   rawSpec: '.',
7 silly cache add   spec: 'C:\\Users\\gevor\\Projects\\apache-md5',
7 silly cache add   type: 'directory' }
8 verbose addLocalDirectory C:\Users\gevor\AppData\Roaming\npm-cache\apache-md5\1.0.2\package.tgz not in flight; packing
9 verbose tar pack [ 'C:\\Users\\gevor\\AppData\\Roaming\\npm-cache\\apache-md5\\1.0.2\\package.tgz',
9 verbose tar pack   'C:\\Users\\gevor\\Projects\\apache-md5' ]
10 verbose tarball C:\Users\gevor\AppData\Roaming\npm-cache\apache-md5\1.0.2\package.tgz
11 verbose folder C:\Users\gevor\Projects\apache-md5
12 info prepublish apache-md5@1.0.2
13 verbose addLocalTarball adding from inside cache C:\Users\gevor\AppData\Roaming\npm-cache\apache-md5\1.0.2\package.tgz
14 silly cache afterAdd apache-md5@1.0.2
15 verbose afterAdd C:\Users\gevor\AppData\Roaming\npm-cache\apache-md5\1.0.2\package\package.json not in flight; writing
16 verbose afterAdd C:\Users\gevor\AppData\Roaming\npm-cache\apache-md5\1.0.2\package\package.json written
17 silly publish { name: 'apache-md5',
17 silly publish   description: 'Node.js module for Apache style password encryption using md5.',
17 silly publish   version: '1.0.2',
17 silly publish   author: { name: 'Gevorg Harutyunyan', url: 'http://github.com/gevorg' },
17 silly publish   maintainers: [ { name: 'gevorg', email: 'gevorg.ha@gmail.com' } ],
17 silly publish   homepage: 'http://github.com/gevorg/apache-md5',
17 silly publish   repository:
17 silly publish    { type: 'git',
17 silly publish      url: 'git+ssh://git@github.com/gevorg/apache-md5.git' },
17 silly publish   main: './lib/apache-md5.js',
17 silly publish   licenses:
17 silly publish    [ { type: 'MIT',
17 silly publish        url: 'http://github.com/gevorg/apache-md5/blob/master/LICENSE' } ],
17 silly publish   bugs: { url: 'http://github.com/gevorg/apache-md5/issues' },
17 silly publish   devDependencies: { nodeunit: '0.9.1' },
17 silly publish   engines: { node: '>=0.4.1' },
17 silly publish   scripts: { test: 'node ./node_modules/nodeunit/bin/nodeunit tests' },
17 silly publish   keywords: [ 'node', 'apache', 'md5', 'password', 'htpasswd' ],
17 silly publish   readme: '# apache-md5\n[Node.js](http://nodejs.org/) package for Apache style password encryption using md5..\n\n[![Build Status](https://api.travis-ci.org/gevorg/apache-md5.png)](https://travis-ci.org/gevorg/apache-md5)\n[![Dependency Status](https://david-dm.org/gevorg/apache-md5.png)](https://david-dm.org/gevorg/apache-md5)\n\n## Installation\n\nVia git (or downloaded tarball):\n\n```bash\n$ git clone git://github.com/gevorg/apache-md5.git\n```\nVia [npm](http://npmjs.org/):\n\n```bash\n$ npm install apache-md5\n```\n\n## Usage\n\n```javascript\nvar md5 = require("apache-md5");\n\n// Encrypting password using apache\'s md5 algorithm.\nvar encryptedPassword = md5("mypass");\n\n// Should print true.\nconsole.log(md5("mypass", encryptedPassword) == encryptedPassword);\n// Should print false.\nconsole.log(md5("notmypass", encryptedPassword) == encryptedPassword);\n```\n\n## Running tests\n\nIt uses [nodeunit](https://github.com/caolan/nodeunit/), so just run following command in package directory:\n\n```bash\n$ npm test\n```\n\n## Issues\n\nYou can find list of issues using **[this link](http://github.com/gevorg/apache-md5/issues)**.\n\n## Requirements\n\n - **[Node.js](http://nodejs.org)** - Event-driven I/O server-side JavaScript       environment based on V8.\n - **[npm](http://npmjs.org)** - Package manager. Installs, publishes and manages   node programs.\n\n## Development dependencies\n\n - **[nodeunit](https://github.com/caolan/nodeunit/)** - Easy unit testing in node.js and the browser, based on the assert module.\n\n## License\n\nThe MIT License (MIT)\n\nCopyright (c) 2015 Gevorg Harutyunyan\n\nPermission is hereby granted, free of charge, to any person obtaining a copy of\nthis software and associated documentation files (the "Software"), to deal in\nthe Software without restriction, including without limitation the rights to\nuse, copy, modify, merge, publish, distribute, sublicense, and/or sell copies of\nthe Software, and to permit persons to whom the Software is furnished to do so,\nsubject to the following conditions:\n\nThe above copyright notice and this permission notice shall be included in all\ncopies or substantial portions of the Software.\n\nTHE SOFTWARE IS PROVIDED "AS IS", WITHOUT WARRANTY OF ANY KIND, EXPRESS OR\nIMPLIED, INCLUDING BUT NOT LIMITED TO THE WARRANTIES OF MERCHANTABILITY, FITNESS\nFOR A PARTICULAR PURPOSE AND NONINFRINGEMENT. IN NO EVENT SHALL THE AUTHORS OR\nCOPYRIGHT HOLDERS BE LIABLE FOR ANY CLAIM, DAMAGES OR OTHER LIABILITY, WHETHER\nIN AN ACTION OF CONTRACT, TORT OR OTHERWISE, ARISING FROM, OUT OF OR IN\nCONNECTION WITH THE SOFTWARE OR THE USE OR OTHER DEALINGS IN THE SOFTWARE.\n',
17 silly publish   readmeFilename: 'README.md',
17 silly publish   gitHead: 'ceb354dbeed1f25e89df7e6a340e880635a348e4',
17 silly publish   _id: 'apache-md5@1.0.2',
17 silly publish   _shasum: '7be01bec722d4998dccd63d80b8199c13c4cb4dc',
17 silly publish   _from: '.' }
18 verbose getPublishConfig undefined
19 silly mapToRegistry name apache-md5
20 silly mapToRegistry using default registry
21 silly mapToRegistry registry https://registry.npmjs.org/
22 silly mapToRegistry uri https://registry.npmjs.org/apache-md5
23 verbose publish registryBase https://registry.npmjs.org/
24 silly publish uploading C:\Users\gevor\AppData\Roaming\npm-cache\apache-md5\1.0.2\package.tgz
25 verbose request uri https://registry.npmjs.org/apache-md5
26 verbose request sending authorization for write operation
27 info attempt registry request try #1 at 8:18:38 PM
28 verbose request using bearer token for auth
29 verbose request id bacb4946464ae303
30 http request PUT https://registry.npmjs.org/apache-md5
31 http 403 https://registry.npmjs.org/apache-md5
32 verbose headers { 'content-type': 'application/json',
32 verbose headers   'cache-control': 'max-age=60',
32 verbose headers   'content-length': '95',
32 verbose headers   'accept-ranges': 'bytes',
32 verbose headers   date: 'Wed, 28 Oct 2015 16:19:00 GMT',
32 verbose headers   via: '1.1 varnish',
32 verbose headers   connection: 'keep-alive',
32 verbose headers   'x-served-by': 'cache-fra1220-FRA',
32 verbose headers   'x-cache': 'MISS',
32 verbose headers   'x-cache-hits': '0',
32 verbose headers   'x-timer': 'S1446049138.921060,VS0,VE1309' }
33 verbose request invalidating C:\Users\gevor\AppData\Roaming\npm-cache\registry.npmjs.org\apache-md5 on PUT
34 error publish Failed PUT 403
35 verbose stack Error: "You cannot publish over the previously published version 1.0.2." : apache-md5
35 verbose stack     at makeError (C:\Program Files\nodejs\node_modules\npm\node_modules\npm-registry-client\lib\request.js:264:12)
35 verbose stack     at CachingRegistryClient.<anonymous> (C:\Program Files\nodejs\node_modules\npm\node_modules\npm-registry-client\lib\request.js:252:14)
35 verbose stack     at Request._callback (C:\Program Files\nodejs\node_modules\npm\node_modules\npm-registry-client\lib\request.js:172:14)
35 verbose stack     at Request.self.callback (C:\Program Files\nodejs\node_modules\npm\node_modules\request\request.js:198:22)
35 verbose stack     at emitTwo (events.js:87:13)
35 verbose stack     at Request.emit (events.js:172:7)
35 verbose stack     at Request.<anonymous> (C:\Program Files\nodejs\node_modules\npm\node_modules\request\request.js:1063:14)
35 verbose stack     at emitOne (events.js:82:20)
35 verbose stack     at Request.emit (events.js:169:7)
35 verbose stack     at IncomingMessage.<anonymous> (C:\Program Files\nodejs\node_modules\npm\node_modules\request\request.js:1009:12)
36 verbose statusCode 403
37 verbose pkgid apache-md5
38 verbose cwd C:\Users\gevor\Projects\apache-md5
39 error Windows_NT 10.0.10240
40 error argv "C:\\Program Files\\nodejs\\node.exe" "C:\\Program Files\\nodejs\\node_modules\\npm\\bin\\npm-cli.js" "publish"
41 error node v4.2.1
42 error npm  v2.14.7
43 error code E403
44 error "You cannot publish over the previously published version 1.0.2." : apache-md5
45 error If you need help, you may report this error at:
45 error     <https://github.com/npm/npm/issues>
46 verbose exit [ 1, true ]
